[1704785164.150][INFO]: Starting ChromeDriver 120.0.6099.109 (3419140ab665596f21b385ce136419fde0924272-refs/branch-heads/6099@{#1483}) on port 15236
[1704785164.150][INFO]: Please see https://chromedriver.chromium.org/security-considerations for suggestions on keeping ChromeDriver safe.
[1704785164.659][INFO]: [48789d730a4546c84313fddafeacf1f1] COMMAND InitSession {
   "capabilities": {
      "firstMatch": [ {
         "browserName": "chrome",
         "goog:chromeOptions": {
            "args": [  ],
            "extensions": [  ]
         },
         "goog:loggingPrefs": {
            "browser": "ALL",
            "driver": "ALL"
         }
      } ]
   }
}
[1704785164.659][INFO]: Browser search. Trying... C:\Users\janga\.cache\selenium\chromedriver\win64\120.0.6099.109\chrome.exe
[1704785164.659][INFO]: Browser search. Trying... C:\Users\janga\.cache\selenium\chromedriver\win64\120.0.6099.109\chrome.exe
[1704785164.659][INFO]: Browser search. Trying... C:\Users\janga\.cache\selenium\chromedriver\win64\120.0.6099.109\chromium.exe
[1704785164.663][INFO]: Browser search. Trying... C:\Users\janga\AppData\Local\Google\Chrome\Application\chrome.exe
[1704785164.663][INFO]: Browser search. Trying... C:\Program Files\Google\Chrome\Application\chrome.exe
[1704785164.663][INFO]: Browser search. Found at  C:\Program Files\Google\Chrome\Application\chrome.exe
[1704785164.664][INFO]: Populating Preferences file: {
   "alternate_error_pages": {
      "enabled": false
   },
   "autofill": {
      "enabled": false
   },
   "browser": {
      "check_default_browser": false
   },
   "distribution": {
      "import_bookmarks": false,
      "import_history": false,
      "import_search_engine": false,
      "make_chrome_default_for_user": false,
      "skip_first_run_ui": true
   },
   "dns_prefetching": {
      "enabled": false
   },
   "profile": {
      "content_settings": {
         "pattern_pairs": {
            "https://*,*": {
               "media-stream": {
                  "audio": "Default",
                  "video": "Default"
               }
            }
         }
      },
      "default_content_setting_values": {
         "geolocation": 1
      },
      "default_content_settings": {
         "geolocation": 1,
         "mouselock": 1,
         "notifications": 1,
         "popups": 1,
         "ppapi-broker": 1
      },
      "password_manager_enabled": false
   },
   "safebrowsing": {
      "enabled": false
   },
   "search": {
      "suggest_enabled": false
   },
   "translate": {
      "enabled": false
   }
}
[1704785164.665][INFO]: Populating Local State file: {
   "background_mode": {
      "enabled": false
   },
   "ssl": {
      "rev_checking": {
         "enabled": false
      }
   }
}
[1704785164.666][INFO]: ChromeDriver supports communication with Chrome via pipes. This is more reliable and more secure.
[1704785164.666][INFO]: Use the --remote-debugging-pipe Chrome switch instead of the default --remote-debugging-port to enable this communication mode.
[1704785164.668][INFO]: Launching chrome: "C:\Program Files\Google\Chrome\Application\chrome.exe" --allow-pre-commit-input --disable-background-networking --disable-backgrounding-occluded-windows --disable-client-side-phishing-detection --disable-default-apps --disable-hang-monitor --disable-popup-blocking --disable-prompt-on-repost --disable-sync --enable-automation --enable-logging --log-level=0 --no-first-run --no-service-autorun --password-store=basic --remote-debugging-port=0 --test-type=webdriver --use-mock-keychain --user-data-dir="C:\Users\janga\AppData\Local\Temp\scoped_dir8228_945728047" data:,
[1704785165.463][INFO]: resolved localhost to ["::1","127.0.0.1"]
[1704785165.598][INFO]: [48789d730a4546c84313fddafeacf1f1] RESPONSE InitSession {
   "capabilities": {
      "acceptInsecureCerts": false,
      "browserName": "chrome",
      "browserVersion": "120.0.6099.199",
      "chrome": {
         "chromedriverVersion": "120.0.6099.109 (3419140ab665596f21b385ce136419fde0924272-refs/branch-heads/6099@{#1483})",
         "userDataDir": "C:\\Users\\janga\\AppData\\Local\\Temp\\scoped_dir8228_945728047"
      },
      "fedcm:accounts": true,
      "goog:chromeOptions": {
         "debuggerAddress": "localhost:61114"
      },
      "networkConnectionEnabled": false,
      "pageLoadStrategy": "normal",
      "platformName": "windows",
      "proxy": {
      },
      "setWindowRect": true,
      "strictFileInteractability": false,
      "timeouts": {
         "implicit": 0,
         "pageLoad": 300000,
         "script": 30000
      },
      "unhandledPromptBehavior": "dismiss and notify",
      "webauthn:extension:credBlob": true,
      "webauthn:extension:largeBlob": true,
      "webauthn:extension:minPinLength": true,
      "webauthn:extension:prf": true,
      "webauthn:virtualAuthenticators": true
   },
   "sessionId": "48789d730a4546c84313fddafeacf1f1"
}
[1704785166.124][INFO]: [48789d730a4546c84313fddafeacf1f1] COMMAND MaximizeWindow {
}
[1704785166.124][INFO]: Waiting for pending navigations...
[1704785166.125][INFO]: Done waiting for pending navigations. Status: ok
[1704785166.250][INFO]: Waiting for pending navigations...
[1704785166.250][INFO]: Done waiting for pending navigations. Status: ok
[1704785166.250][INFO]: [48789d730a4546c84313fddafeacf1f1] RESPONSE MaximizeWindow {
   "height": 736,
   "width": 1296,
   "x": -8,
   "y": -8
}
[1704785166.266][INFO]: [48789d730a4546c84313fddafeacf1f1] COMMAND SetTimeouts {
   "implicit": 30000
}
[1704785166.266][INFO]: [48789d730a4546c84313fddafeacf1f1] RESPONSE SetTimeouts
[1704785166.279][INFO]: [48789d730a4546c84313fddafeacf1f1] COMMAND Navigate {
   "url": "https://www.google.com"
}
[1704785166.279][INFO]: Waiting for pending navigations...
[1704785166.280][INFO]: Done waiting for pending navigations. Status: ok
[1704785168.628][INFO]: Waiting for pending navigations...
[1704785170.206][INFO]: Done waiting for pending navigations. Status: ok
[1704785170.206][INFO]: [48789d730a4546c84313fddafeacf1f1] RESPONSE Navigate
[1704785170.214][INFO]: [48789d730a4546c84313fddafeacf1f1] COMMAND FindElement {
   "using": "xpath",
   "value": "//textarea[@id='APjFqb']"
}
[1704785170.214][INFO]: Waiting for pending navigations...
[1704785170.216][INFO]: Done waiting for pending navigations. Status: ok
[1704785170.240][INFO]: Waiting for pending navigations...
[1704785170.241][INFO]: Done waiting for pending navigations. Status: ok
[1704785170.241][INFO]: [48789d730a4546c84313fddafeacf1f1] RESPONSE FindElement {
   "element-6066-11e4-a52e-4f735466cecf": "AA24FD0FCA946DF1411E8427897A4717_element_2"
}
[1704785170.261][INFO]: [48789d730a4546c84313fddafeacf1f1] COMMAND TypeElement {
   "id": "AA24FD0FCA946DF1411E8427897A4717_element_2",
   "text": "calculator",
   "value": [ "c", "a", "l", "c", "u", "l", "a", "t", "o", "r" ]
}
[1704785170.261][INFO]: Waiting for pending navigations...
[1704785170.263][INFO]: Done waiting for pending navigations. Status: ok
[1704785170.389][INFO]: Waiting for pending navigations...
[1704785170.390][INFO]: Done waiting for pending navigations. Status: ok
[1704785170.390][INFO]: [48789d730a4546c84313fddafeacf1f1] RESPONSE TypeElement
[1704785170.395][INFO]: [48789d730a4546c84313fddafeacf1f1] COMMAND FindElement {
   "using": "xpath",
   "value": "//input[@value='Google Search']"
}
[1704785170.395][INFO]: Waiting for pending navigations...
[1704785170.396][INFO]: Done waiting for pending navigations. Status: ok
[1704785170.411][INFO]: Waiting for pending navigations...
[1704785170.412][INFO]: Done waiting for pending navigations. Status: ok
[1704785170.412][INFO]: [48789d730a4546c84313fddafeacf1f1] RESPONSE FindElement {
   "element-6066-11e4-a52e-4f735466cecf": "AA24FD0FCA946DF1411E8427897A4717_element_13"
}
[1704785170.417][INFO]: [48789d730a4546c84313fddafeacf1f1] COMMAND ClickElement {
   "id": "AA24FD0FCA946DF1411E8427897A4717_element_13"
}
[1704785170.417][INFO]: Waiting for pending navigations...
[1704785170.418][INFO]: Done waiting for pending navigations. Status: ok
[1704785170.586][INFO]: Waiting for pending navigations...
[1704785170.759][INFO]: Done waiting for pending navigations. Status: ok
[1704785170.759][INFO]: [48789d730a4546c84313fddafeacf1f1] RESPONSE ClickElement
[1704785172.771][INFO]: [48789d730a4546c84313fddafeacf1f1] COMMAND GetUrl {
}
[1704785172.771][INFO]: Waiting for pending navigations...
[1704785172.825][INFO]: Done waiting for pending navigations. Status: ok
[1704785172.836][INFO]: Waiting for pending navigations...
[1704785172.837][INFO]: Done waiting for pending navigations. Status: ok
[1704785172.837][INFO]: [48789d730a4546c84313fddafeacf1f1] RESPONSE GetUrl "https://www.google.com/search?q=calculator&sca_esv=596768218&source=hp&ei=EPWcZZyiJaOUseMP1uG4oAU&iflsig=ANes7DEAAAAAZZ0DIMxq6FsENYAzrhs17MzvoEWBv0kP&ved=0ahUKEwic6pLT48-DAxUjSmwGHdYwDlQQ4dUDCAo&oq..."
[1704785172.852][INFO]: [48789d730a4546c84313fddafeacf1f1] COMMAND FindElement {
   "using": "xpath",
   "value": "//*[@id='cwos']"
}
[1704785172.852][INFO]: Waiting for pending navigations...
[1704785172.854][INFO]: Done waiting for pending navigations. Status: ok
[1704785172.894][INFO]: Waiting for pending navigations...
[1704785172.896][INFO]: Done waiting for pending navigations. Status: ok
[1704785172.896][INFO]: [48789d730a4546c84313fddafeacf1f1] RESPONSE FindElement {
   "element-6066-11e4-a52e-4f735466cecf": "C736C59B61FB34DB673474CC1B310295_element_48"
}
[1704785172.907][INFO]: [48789d730a4546c84313fddafeacf1f1] COMMAND GetElementText {
   "id": "C736C59B61FB34DB673474CC1B310295_element_48"
}
[1704785172.907][INFO]: Waiting for pending navigations...
[1704785172.909][INFO]: Done waiting for pending navigations. Status: ok
[1704785172.953][INFO]: Waiting for pending navigations...
[1704785172.956][INFO]: Done waiting for pending navigations. Status: ok
[1704785172.956][INFO]: [48789d730a4546c84313fddafeacf1f1] RESPONSE GetElementText "0"
[1704785174.979][INFO]: [48789d730a4546c84313fddafeacf1f1] COMMAND FindElement {
   "using": "xpath",
   "value": "//div[@jsname='Ax5wH']"
}
[1704785174.979][INFO]: Waiting for pending navigations...
[1704785174.982][INFO]: Done waiting for pending navigations. Status: ok
[1704785175.020][INFO]: Waiting for pending navigations...
[1704785175.022][INFO]: Done waiting for pending navigations. Status: ok
[1704785175.022][INFO]: [48789d730a4546c84313fddafeacf1f1] RESPONSE FindElement {
   "element-6066-11e4-a52e-4f735466cecf": "C736C59B61FB34DB673474CC1B310295_element_49"
}
[1704785175.035][INFO]: [48789d730a4546c84313fddafeacf1f1] COMMAND ClickElement {
   "id": "C736C59B61FB34DB673474CC1B310295_element_49"
}
[1704785175.035][INFO]: Waiting for pending navigations...
[1704785175.038][INFO]: Done waiting for pending navigations. Status: ok
[1704785175.225][INFO]: Waiting for pending navigations...
[1704785175.229][INFO]: Done waiting for pending navigations. Status: ok
[1704785175.229][INFO]: [48789d730a4546c84313fddafeacf1f1] RESPONSE ClickElement
[1704785176.244][INFO]: [48789d730a4546c84313fddafeacf1f1] COMMAND FindElement {
   "using": "xpath",
   "value": "//div[@jsname='XSr6wc']"
}
[1704785176.244][INFO]: Waiting for pending navigations...
[1704785176.247][INFO]: Done waiting for pending navigations. Status: ok
[1704785176.287][INFO]: Waiting for pending navigations...
[1704785176.289][INFO]: Done waiting for pending navigations. Status: ok
[1704785176.289][INFO]: [48789d730a4546c84313fddafeacf1f1] RESPONSE FindElement {
   "element-6066-11e4-a52e-4f735466cecf": "C736C59B61FB34DB673474CC1B310295_element_50"
}
[1704785176.300][INFO]: [48789d730a4546c84313fddafeacf1f1] COMMAND ClickElement {
   "id": "C736C59B61FB34DB673474CC1B310295_element_50"
}
[1704785176.300][INFO]: Waiting for pending navigations...
[1704785176.302][INFO]: Done waiting for pending navigations. Status: ok
[1704785176.403][INFO]: Waiting for pending navigations...
[1704785176.406][INFO]: Done waiting for pending navigations. Status: ok
[1704785176.406][INFO]: [48789d730a4546c84313fddafeacf1f1] RESPONSE ClickElement
[1704785177.425][INFO]: [48789d730a4546c84313fddafeacf1f1] COMMAND FindElement {
   "using": "xpath",
   "value": "//div[@jsname='rk7bOd']"
}
[1704785177.425][INFO]: Waiting for pending navigations...
[1704785177.428][INFO]: Done waiting for pending navigations. Status: ok
[1704785177.460][INFO]: Waiting for pending navigations...
[1704785177.462][INFO]: Done waiting for pending navigations. Status: ok
[1704785177.462][INFO]: [48789d730a4546c84313fddafeacf1f1] RESPONSE FindElement {
   "element-6066-11e4-a52e-4f735466cecf": "C736C59B61FB34DB673474CC1B310295_element_51"
}
[1704785177.471][INFO]: [48789d730a4546c84313fddafeacf1f1] COMMAND ClickElement {
   "id": "C736C59B61FB34DB673474CC1B310295_element_51"
}
[1704785177.471][INFO]: Waiting for pending navigations...
[1704785177.473][INFO]: Done waiting for pending navigations. Status: ok
[1704785177.582][INFO]: Waiting for pending navigations...
[1704785177.585][INFO]: Done waiting for pending navigations. Status: ok
[1704785177.586][INFO]: [48789d730a4546c84313fddafeacf1f1] RESPONSE ClickElement
[1704785178.598][INFO]: [48789d730a4546c84313fddafeacf1f1] COMMAND FindElement {
   "using": "xpath",
   "value": "//div[@jsname='Pt8tGc']"
}
[1704785178.598][INFO]: Waiting for pending navigations...
[1704785178.600][INFO]: Done waiting for pending navigations. Status: ok
[1704785178.634][INFO]: Waiting for pending navigations...
[1704785178.635][INFO]: Done waiting for pending navigations. Status: ok
[1704785178.635][INFO]: [48789d730a4546c84313fddafeacf1f1] RESPONSE FindElement {
   "element-6066-11e4-a52e-4f735466cecf": "C736C59B61FB34DB673474CC1B310295_element_52"
}
[1704785178.645][INFO]: [48789d730a4546c84313fddafeacf1f1] COMMAND ClickElement {
   "id": "C736C59B61FB34DB673474CC1B310295_element_52"
}
[1704785178.645][INFO]: Waiting for pending navigations...
[1704785178.647][INFO]: Done waiting for pending navigations. Status: ok
[1704785178.763][INFO]: Waiting for pending navigations...
[1704785178.767][INFO]: Done waiting for pending navigations. Status: ok
[1704785178.767][INFO]: [48789d730a4546c84313fddafeacf1f1] RESPONSE ClickElement
[1704785179.786][INFO]: [48789d730a4546c84313fddafeacf1f1] COMMAND FindElement {
   "using": "xpath",
   "value": "//*[@id='cwos']"
}
[1704785179.786][INFO]: Waiting for pending navigations...
[1704785179.788][INFO]: Done waiting for pending navigations. Status: ok
[1704785179.807][INFO]: Waiting for pending navigations...
[1704785179.809][INFO]: Done waiting for pending navigations. Status: ok
[1704785179.809][INFO]: [48789d730a4546c84313fddafeacf1f1] RESPONSE FindElement {
   "element-6066-11e4-a52e-4f735466cecf": "C736C59B61FB34DB673474CC1B310295_element_48"
}
[1704785179.817][INFO]: [48789d730a4546c84313fddafeacf1f1] COMMAND GetElementText {
   "id": "C736C59B61FB34DB673474CC1B310295_element_48"
}
[1704785179.817][INFO]: Waiting for pending navigations...
[1704785179.819][INFO]: Done waiting for pending navigations. Status: ok
[1704785179.837][INFO]: Waiting for pending navigations...
[1704785179.839][INFO]: Done waiting for pending navigations. Status: ok
[1704785179.839][INFO]: [48789d730a4546c84313fddafeacf1f1] RESPONSE GetElementText "12"
[1704785180.858][INFO]: [48789d730a4546c84313fddafeacf1f1] COMMAND FindElement {
   "using": "xpath",
   "value": "//div[@jsname='N10B9']"
}
[1704785180.858][INFO]: Waiting for pending navigations...
[1704785180.860][INFO]: Done waiting for pending navigations. Status: ok
[1704785180.890][INFO]: Waiting for pending navigations...
[1704785180.891][INFO]: Done waiting for pending navigations. Status: ok
[1704785180.891][INFO]: [48789d730a4546c84313fddafeacf1f1] RESPONSE FindElement {
   "element-6066-11e4-a52e-4f735466cecf": "C736C59B61FB34DB673474CC1B310295_element_57"
}
[1704785180.900][INFO]: [48789d730a4546c84313fddafeacf1f1] COMMAND ClickElement {
   "id": "C736C59B61FB34DB673474CC1B310295_element_57"
}
[1704785180.900][INFO]: Waiting for pending navigations...
[1704785180.902][INFO]: Done waiting for pending navigations. Status: ok
[1704785181.024][INFO]: Waiting for pending navigations...
[1704785181.027][INFO]: Done waiting for pending navigations. Status: ok
[1704785181.027][INFO]: [48789d730a4546c84313fddafeacf1f1] RESPONSE ClickElement
[1704785182.040][INFO]: [48789d730a4546c84313fddafeacf1f1] COMMAND FindElement {
   "using": "xpath",
   "value": "//div[@jsname='Ax5wH']"
}
[1704785182.040][INFO]: Waiting for pending navigations...
[1704785182.042][INFO]: Done waiting for pending navigations. Status: ok
[1704785182.062][INFO]: Waiting for pending navigations...
[1704785182.064][INFO]: Done waiting for pending navigations. Status: ok
[1704785182.064][INFO]: [48789d730a4546c84313fddafeacf1f1] RESPONSE FindElement {
   "element-6066-11e4-a52e-4f735466cecf": "C736C59B61FB34DB673474CC1B310295_element_49"
}
[1704785182.074][INFO]: [48789d730a4546c84313fddafeacf1f1] COMMAND ClickElement {
   "id": "C736C59B61FB34DB673474CC1B310295_element_49"
}
[1704785182.074][INFO]: Waiting for pending navigations...
[1704785182.076][INFO]: Done waiting for pending navigations. Status: ok
[1704785182.177][INFO]: Waiting for pending navigations...
[1704785182.181][INFO]: Done waiting for pending navigations. Status: ok
[1704785182.181][INFO]: [48789d730a4546c84313fddafeacf1f1] RESPONSE ClickElement
[1704785183.203][INFO]: [48789d730a4546c84313fddafeacf1f1] COMMAND FindElement {
   "using": "xpath",
   "value": "//div[@jsname='pPHzQc']"
}
[1704785183.203][INFO]: Waiting for pending navigations...
[1704785183.206][INFO]: Done waiting for pending navigations. Status: ok
[1704785183.237][INFO]: Waiting for pending navigations...
[1704785183.239][INFO]: Done waiting for pending navigations. Status: ok
[1704785183.239][INFO]: [48789d730a4546c84313fddafeacf1f1] RESPONSE FindElement {
   "element-6066-11e4-a52e-4f735466cecf": "C736C59B61FB34DB673474CC1B310295_element_58"
}
[1704785183.247][INFO]: [48789d730a4546c84313fddafeacf1f1] COMMAND ClickElement {
   "id": "C736C59B61FB34DB673474CC1B310295_element_58"
}
[1704785183.248][INFO]: Waiting for pending navigations...
[1704785183.250][INFO]: Done waiting for pending navigations. Status: ok
[1704785183.354][INFO]: Waiting for pending navigations...
[1704785183.358][INFO]: Done waiting for pending navigations. Status: ok
[1704785183.358][INFO]: [48789d730a4546c84313fddafeacf1f1] RESPONSE ClickElement
[1704785184.378][INFO]: [48789d730a4546c84313fddafeacf1f1] COMMAND FindElement {
   "using": "xpath",
   "value": "//div[@jsname='T7PMFe']"
}
[1704785184.378][INFO]: Waiting for pending navigations...
[1704785184.381][INFO]: Done waiting for pending navigations. Status: ok
[1704785184.411][INFO]: Waiting for pending navigations...
[1704785184.412][INFO]: Done waiting for pending navigations. Status: ok
[1704785184.412][INFO]: [48789d730a4546c84313fddafeacf1f1] RESPONSE FindElement {
   "element-6066-11e4-a52e-4f735466cecf": "C736C59B61FB34DB673474CC1B310295_element_59"
}
[1704785184.422][INFO]: [48789d730a4546c84313fddafeacf1f1] COMMAND ClickElement {
   "id": "C736C59B61FB34DB673474CC1B310295_element_59"
}
[1704785184.422][INFO]: Waiting for pending navigations...
[1704785184.424][INFO]: Done waiting for pending navigations. Status: ok
[1704785184.518][INFO]: Waiting for pending navigations...
[1704785184.521][INFO]: Done waiting for pending navigations. Status: ok
[1704785184.521][INFO]: [48789d730a4546c84313fddafeacf1f1] RESPONSE ClickElement
[1704785185.541][INFO]: [48789d730a4546c84313fddafeacf1f1] COMMAND FindElement {
   "using": "xpath",
   "value": "//div[@jsname='Pt8tGc']"
}
[1704785185.542][INFO]: Waiting for pending navigations...
[1704785185.544][INFO]: Done waiting for pending navigations. Status: ok
[1704785185.562][INFO]: Waiting for pending navigations...
[1704785185.564][INFO]: Done waiting for pending navigations. Status: ok
[1704785185.564][INFO]: [48789d730a4546c84313fddafeacf1f1] RESPONSE FindElement {
   "element-6066-11e4-a52e-4f735466cecf": "C736C59B61FB34DB673474CC1B310295_element_52"
}
[1704785185.571][INFO]: [48789d730a4546c84313fddafeacf1f1] COMMAND ClickElement {
   "id": "C736C59B61FB34DB673474CC1B310295_element_52"
}
[1704785185.571][INFO]: Waiting for pending navigations...
[1704785185.573][INFO]: Done waiting for pending navigations. Status: ok
[1704785185.671][INFO]: Waiting for pending navigations...
[1704785185.675][INFO]: Done waiting for pending navigations. Status: ok
[1704785185.675][INFO]: [48789d730a4546c84313fddafeacf1f1] RESPONSE ClickElement
[1704785186.686][INFO]: [48789d730a4546c84313fddafeacf1f1] COMMAND FindElement {
   "using": "xpath",
   "value": "//*[@id='cwos']"
}
[1704785186.686][INFO]: Waiting for pending navigations...
[1704785186.688][INFO]: Done waiting for pending navigations. Status: ok
[1704785186.709][INFO]: Waiting for pending navigations...
[1704785186.710][INFO]: Done waiting for pending navigations. Status: ok
[1704785186.710][INFO]: [48789d730a4546c84313fddafeacf1f1] RESPONSE FindElement {
   "element-6066-11e4-a52e-4f735466cecf": "C736C59B61FB34DB673474CC1B310295_element_48"
}
[1704785186.719][INFO]: [48789d730a4546c84313fddafeacf1f1] COMMAND GetElementText {
   "id": "C736C59B61FB34DB673474CC1B310295_element_48"
}
[1704785186.719][INFO]: Waiting for pending navigations...
[1704785186.721][INFO]: Done waiting for pending navigations. Status: ok
[1704785186.742][INFO]: Waiting for pending navigations...
[1704785186.744][INFO]: Done waiting for pending navigations. Status: ok
[1704785186.744][INFO]: [48789d730a4546c84313fddafeacf1f1] RESPONSE GetElementText "7"
[1704785187.759][INFO]: [48789d730a4546c84313fddafeacf1f1] COMMAND FindElement {
   "using": "xpath",
   "value": "//div[@jsname='N10B9']"
}
[1704785187.759][INFO]: Waiting for pending navigations...
[1704785187.760][INFO]: Done waiting for pending navigations. Status: ok
[1704785187.770][INFO]: Waiting for pending navigations...
[1704785187.771][INFO]: Done waiting for pending navigations. Status: ok
[1704785187.771][INFO]: [48789d730a4546c84313fddafeacf1f1] RESPONSE FindElement {
   "element-6066-11e4-a52e-4f735466cecf": "C736C59B61FB34DB673474CC1B310295_element_57"
}
[1704785187.777][INFO]: [48789d730a4546c84313fddafeacf1f1] COMMAND ClickElement {
   "id": "C736C59B61FB34DB673474CC1B310295_element_57"
}
[1704785187.777][INFO]: Waiting for pending navigations...
[1704785187.778][INFO]: Done waiting for pending navigations. Status: ok
[1704785187.841][INFO]: Waiting for pending navigations...
[1704785187.844][INFO]: Done waiting for pending navigations. Status: ok
[1704785187.844][INFO]: [48789d730a4546c84313fddafeacf1f1] RESPONSE ClickElement
[1704785188.870][INFO]: [48789d730a4546c84313fddafeacf1f1] COMMAND FindElement {
   "using": "xpath",
   "value": "//div[@jsname='bkEvMb']"
}
[1704785188.870][INFO]: Waiting for pending navigations...
[1704785188.872][INFO]: Done waiting for pending navigations. Status: ok
[1704785188.905][INFO]: Waiting for pending navigations...
[1704785188.907][INFO]: Done waiting for pending navigations. Status: ok
[1704785188.907][INFO]: [48789d730a4546c84313fddafeacf1f1] RESPONSE FindElement {
   "element-6066-11e4-a52e-4f735466cecf": "C736C59B61FB34DB673474CC1B310295_element_62"
}
[1704785188.916][INFO]: [48789d730a4546c84313fddafeacf1f1] COMMAND ClickElement {
   "id": "C736C59B61FB34DB673474CC1B310295_element_62"
}
[1704785188.916][INFO]: Waiting for pending navigations...
[1704785188.918][INFO]: Done waiting for pending navigations. Status: ok
[1704785189.021][INFO]: Waiting for pending navigations...
[1704785189.024][INFO]: Done waiting for pending navigations. Status: ok
[1704785189.025][INFO]: [48789d730a4546c84313fddafeacf1f1] RESPONSE ClickElement
[1704785190.044][INFO]: [48789d730a4546c84313fddafeacf1f1] COMMAND FindElement {
   "using": "xpath",
   "value": "//div[@jsname='YovRWb']"
}
[1704785190.044][INFO]: Waiting for pending navigations...
[1704785190.045][INFO]: Done waiting for pending navigations. Status: ok
[1704785190.065][INFO]: Waiting for pending navigations...
[1704785190.066][INFO]: Done waiting for pending navigations. Status: ok
[1704785190.066][INFO]: [48789d730a4546c84313fddafeacf1f1] RESPONSE FindElement {
   "element-6066-11e4-a52e-4f735466cecf": "C736C59B61FB34DB673474CC1B310295_element_63"
}
[1704785190.071][INFO]: [48789d730a4546c84313fddafeacf1f1] COMMAND ClickElement {
   "id": "C736C59B61FB34DB673474CC1B310295_element_63"
}
[1704785190.071][INFO]: Waiting for pending navigations...
[1704785190.073][INFO]: Done waiting for pending navigations. Status: ok
[1704785190.144][INFO]: Waiting for pending navigations...
[1704785190.147][INFO]: Done waiting for pending navigations. Status: ok
[1704785190.147][INFO]: [48789d730a4546c84313fddafeacf1f1] RESPONSE ClickElement
[1704785191.169][INFO]: [48789d730a4546c84313fddafeacf1f1] COMMAND FindElement {
   "using": "xpath",
   "value": "//div[@jsname='KN1kY']"
}
[1704785191.169][INFO]: Waiting for pending navigations...
[1704785191.171][INFO]: Done waiting for pending navigations. Status: ok
[1704785191.213][INFO]: Waiting for pending navigations...
[1704785191.215][INFO]: Done waiting for pending navigations. Status: ok
[1704785191.215][INFO]: [48789d730a4546c84313fddafeacf1f1] RESPONSE FindElement {
   "element-6066-11e4-a52e-4f735466cecf": "C736C59B61FB34DB673474CC1B310295_element_64"
}
[1704785191.227][INFO]: [48789d730a4546c84313fddafeacf1f1] COMMAND ClickElement {
   "id": "C736C59B61FB34DB673474CC1B310295_element_64"
}
[1704785191.227][INFO]: Waiting for pending navigations...
[1704785191.229][INFO]: Done waiting for pending navigations. Status: ok
[1704785191.338][INFO]: Waiting for pending navigations...
[1704785191.340][INFO]: Done waiting for pending navigations. Status: ok
[1704785191.340][INFO]: [48789d730a4546c84313fddafeacf1f1] RESPONSE ClickElement
[1704785192.350][INFO]: [48789d730a4546c84313fddafeacf1f1] COMMAND FindElement {
   "using": "xpath",
   "value": "//div[@jsname='Pt8tGc']"
}
[1704785192.350][INFO]: Waiting for pending navigations...
[1704785192.351][INFO]: Done waiting for pending navigations. Status: ok
[1704785192.363][INFO]: Waiting for pending navigations...
[1704785192.364][INFO]: Done waiting for pending navigations. Status: ok
[1704785192.364][INFO]: [48789d730a4546c84313fddafeacf1f1] RESPONSE FindElement {
   "element-6066-11e4-a52e-4f735466cecf": "C736C59B61FB34DB673474CC1B310295_element_52"
}
[1704785192.371][INFO]: [48789d730a4546c84313fddafeacf1f1] COMMAND ClickElement {
   "id": "C736C59B61FB34DB673474CC1B310295_element_52"
}
[1704785192.371][INFO]: Waiting for pending navigations...
[1704785192.373][INFO]: Done waiting for pending navigations. Status: ok
[1704785192.471][INFO]: Waiting for pending navigations...
[1704785192.475][INFO]: Done waiting for pending navigations. Status: ok
[1704785192.475][INFO]: [48789d730a4546c84313fddafeacf1f1] RESPONSE ClickElement
[1704785193.490][INFO]: [48789d730a4546c84313fddafeacf1f1] COMMAND FindElement {
   "using": "xpath",
   "value": "//*[@id='cwos']"
}
[1704785193.490][INFO]: Waiting for pending navigations...
[1704785193.492][INFO]: Done waiting for pending navigations. Status: ok
[1704785193.513][INFO]: Waiting for pending navigations...
[1704785193.515][INFO]: Done waiting for pending navigations. Status: ok
[1704785193.515][INFO]: [48789d730a4546c84313fddafeacf1f1] RESPONSE FindElement {
   "element-6066-11e4-a52e-4f735466cecf": "C736C59B61FB34DB673474CC1B310295_element_48"
}
[1704785193.522][INFO]: [48789d730a4546c84313fddafeacf1f1] COMMAND GetElementText {
   "id": "C736C59B61FB34DB673474CC1B310295_element_48"
}
[1704785193.522][INFO]: Waiting for pending navigations...
[1704785193.524][INFO]: Done waiting for pending navigations. Status: ok
[1704785193.543][INFO]: Waiting for pending navigations...
[1704785193.544][INFO]: Done waiting for pending navigations. Status: ok
[1704785193.545][INFO]: [48789d730a4546c84313fddafeacf1f1] RESPONSE GetElementText "30"
[1704785194.558][INFO]: [48789d730a4546c84313fddafeacf1f1] COMMAND FindElement {
   "using": "xpath",
   "value": "//div[@jsname='SLn8gc']"
}
[1704785194.558][INFO]: Waiting for pending navigations...
[1704785194.560][INFO]: Done waiting for pending navigations. Status: ok
[1704785194.591][INFO]: Waiting for pending navigations...
[1704785194.593][INFO]: Done waiting for pending navigations. Status: ok
[1704785194.593][INFO]: [48789d730a4546c84313fddafeacf1f1] RESPONSE FindElement {
   "element-6066-11e4-a52e-4f735466cecf": "C736C59B61FB34DB673474CC1B310295_element_67"
}
[1704785194.601][INFO]: [48789d730a4546c84313fddafeacf1f1] COMMAND ClickElement {
   "id": "C736C59B61FB34DB673474CC1B310295_element_67"
}
[1704785194.601][INFO]: Waiting for pending navigations...
[1704785194.603][INFO]: Done waiting for pending navigations. Status: ok
[1704785194.717][INFO]: Waiting for pending navigations...
[1704785194.725][INFO]: Done waiting for pending navigations. Status: ok
[1704785194.725][INFO]: [48789d730a4546c84313fddafeacf1f1] RESPONSE ClickElement
[1704785194.733][INFO]: [48789d730a4546c84313fddafeacf1f1] COMMAND FindElement {
   "using": "xpath",
   "value": "//*[@id='cwos']"
}
[1704785194.733][INFO]: Waiting for pending navigations...
[1704785194.735][INFO]: Done waiting for pending navigations. Status: ok
[1704785194.755][INFO]: Waiting for pending navigations...
[1704785194.757][INFO]: Done waiting for pending navigations. Status: ok
[1704785194.757][INFO]: [48789d730a4546c84313fddafeacf1f1] RESPONSE FindElement {
   "element-6066-11e4-a52e-4f735466cecf": "C736C59B61FB34DB673474CC1B310295_element_48"
}
[1704785194.763][INFO]: [48789d730a4546c84313fddafeacf1f1] COMMAND GetElementText {
   "id": "C736C59B61FB34DB673474CC1B310295_element_48"
}
[1704785194.764][INFO]: Waiting for pending navigations...
[1704785194.766][INFO]: Done waiting for pending navigations. Status: ok
[1704785194.785][INFO]: Waiting for pending navigations...
[1704785194.787][INFO]: Done waiting for pending navigations. Status: ok
[1704785194.787][INFO]: [48789d730a4546c84313fddafeacf1f1] RESPONSE GetElementText "0"
[1704785194.795][INFO]: [48789d730a4546c84313fddafeacf1f1] COMMAND FindElement {
   "using": "xpath",
   "value": "//div[@jsname='lVjWed']"
}
[1704785194.795][INFO]: Waiting for pending navigations...
[1704785194.797][INFO]: Done waiting for pending navigations. Status: ok
[1704785194.827][INFO]: Waiting for pending navigations...
[1704785194.829][INFO]: Done waiting for pending navigations. Status: ok
[1704785194.829][INFO]: [48789d730a4546c84313fddafeacf1f1] RESPONSE FindElement {
   "element-6066-11e4-a52e-4f735466cecf": "C736C59B61FB34DB673474CC1B310295_element_68"
}
[1704785194.837][INFO]: [48789d730a4546c84313fddafeacf1f1] COMMAND ClickElement {
   "id": "C736C59B61FB34DB673474CC1B310295_element_68"
}
[1704785194.837][INFO]: Waiting for pending navigations...
[1704785194.839][INFO]: Done waiting for pending navigations. Status: ok
[1704785194.946][INFO]: Waiting for pending navigations...
[1704785194.948][INFO]: Done waiting for pending navigations. Status: ok
[1704785194.948][INFO]: [48789d730a4546c84313fddafeacf1f1] RESPONSE ClickElement
[1704785195.962][INFO]: [48789d730a4546c84313fddafeacf1f1] COMMAND FindElement {
   "using": "xpath",
   "value": "//div[@jsname='bkEvMb']"
}
[1704785195.962][INFO]: Waiting for pending navigations...
[1704785195.964][INFO]: Done waiting for pending navigations. Status: ok
[1704785195.986][INFO]: Waiting for pending navigations...
[1704785195.988][INFO]: Done waiting for pending navigations. Status: ok
[1704785195.988][INFO]: [48789d730a4546c84313fddafeacf1f1] RESPONSE FindElement {
   "element-6066-11e4-a52e-4f735466cecf": "C736C59B61FB34DB673474CC1B310295_element_62"
}
[1704785195.996][INFO]: [48789d730a4546c84313fddafeacf1f1] COMMAND ClickElement {
   "id": "C736C59B61FB34DB673474CC1B310295_element_62"
}
[1704785195.996][INFO]: Waiting for pending navigations...
[1704785195.998][INFO]: Done waiting for pending navigations. Status: ok
[1704785196.101][INFO]: Waiting for pending navigations...
[1704785196.107][INFO]: Done waiting for pending navigations. Status: ok
[1704785196.107][INFO]: [48789d730a4546c84313fddafeacf1f1] RESPONSE ClickElement
[1704785197.131][INFO]: [48789d730a4546c84313fddafeacf1f1] COMMAND FindElement {
   "using": "xpath",
   "value": "//div[@jsname='WxTTNd']"
}
[1704785197.131][INFO]: Waiting for pending navigations...
[1704785197.133][INFO]: Done waiting for pending navigations. Status: ok
[1704785197.167][INFO]: Waiting for pending navigations...
[1704785197.169][INFO]: Done waiting for pending navigations. Status: ok
[1704785197.169][INFO]: [48789d730a4546c84313fddafeacf1f1] RESPONSE FindElement {
   "element-6066-11e4-a52e-4f735466cecf": "C736C59B61FB34DB673474CC1B310295_element_69"
}
[1704785197.179][INFO]: [48789d730a4546c84313fddafeacf1f1] COMMAND ClickElement {
   "id": "C736C59B61FB34DB673474CC1B310295_element_69"
}
[1704785197.179][INFO]: Waiting for pending navigations...
[1704785197.181][INFO]: Done waiting for pending navigations. Status: ok
[1704785197.290][INFO]: Waiting for pending navigations...
[1704785197.293][INFO]: Done waiting for pending navigations. Status: ok
[1704785197.293][INFO]: [48789d730a4546c84313fddafeacf1f1] RESPONSE ClickElement
[1704785198.317][INFO]: [48789d730a4546c84313fddafeacf1f1] COMMAND FindElement {
   "using": "xpath",
   "value": "//div[@jsname='Ax5wH']"
}
[1704785198.317][INFO]: Waiting for pending navigations...
[1704785198.319][INFO]: Done waiting for pending navigations. Status: ok
[1704785198.337][INFO]: Waiting for pending navigations...
[1704785198.339][INFO]: Done waiting for pending navigations. Status: ok
[1704785198.339][INFO]: [48789d730a4546c84313fddafeacf1f1] RESPONSE FindElement {
   "element-6066-11e4-a52e-4f735466cecf": "C736C59B61FB34DB673474CC1B310295_element_49"
}
[1704785198.346][INFO]: [48789d730a4546c84313fddafeacf1f1] COMMAND ClickElement {
   "id": "C736C59B61FB34DB673474CC1B310295_element_49"
}
[1704785198.346][INFO]: Waiting for pending navigations...
[1704785198.348][INFO]: Done waiting for pending navigations. Status: ok
[1704785198.444][INFO]: Waiting for pending navigations...
[1704785198.448][INFO]: Done waiting for pending navigations. Status: ok
[1704785198.448][INFO]: [48789d730a4546c84313fddafeacf1f1] RESPONSE ClickElement
[1704785199.470][INFO]: [48789d730a4546c84313fddafeacf1f1] COMMAND FindElement {
   "using": "xpath",
   "value": "//div[@jsname='Pt8tGc']"
}
[1704785199.470][INFO]: Waiting for pending navigations...
[1704785199.472][INFO]: Done waiting for pending navigations. Status: ok
[1704785199.487][INFO]: Waiting for pending navigations...
[1704785199.488][INFO]: Done waiting for pending navigations. Status: ok
[1704785199.488][INFO]: [48789d730a4546c84313fddafeacf1f1] RESPONSE FindElement {
   "element-6066-11e4-a52e-4f735466cecf": "C736C59B61FB34DB673474CC1B310295_element_52"
}
[1704785199.493][INFO]: [48789d730a4546c84313fddafeacf1f1] COMMAND ClickElement {
   "id": "C736C59B61FB34DB673474CC1B310295_element_52"
}
[1704785199.493][INFO]: Waiting for pending navigations...
[1704785199.494][INFO]: Done waiting for pending navigations. Status: ok
[1704785199.564][INFO]: Waiting for pending navigations...
[1704785199.566][INFO]: Done waiting for pending navigations. Status: ok
[1704785199.566][INFO]: [48789d730a4546c84313fddafeacf1f1] RESPONSE ClickElement
[1704785200.580][INFO]: [48789d730a4546c84313fddafeacf1f1] COMMAND FindElement {
   "using": "xpath",
   "value": "//*[@id='cwos']"
}
[1704785200.580][INFO]: Waiting for pending navigations...
[1704785200.582][INFO]: Done waiting for pending navigations. Status: ok
[1704785200.603][INFO]: Waiting for pending navigations...
[1704785200.605][INFO]: Done waiting for pending navigations. Status: ok
[1704785200.605][INFO]: [48789d730a4546c84313fddafeacf1f1] RESPONSE FindElement {
   "element-6066-11e4-a52e-4f735466cecf": "C736C59B61FB34DB673474CC1B310295_element_48"
}
[1704785200.612][INFO]: [48789d730a4546c84313fddafeacf1f1] COMMAND GetElementText {
   "id": "C736C59B61FB34DB673474CC1B310295_element_48"
}
[1704785200.612][INFO]: Waiting for pending navigations...
[1704785200.614][INFO]: Done waiting for pending navigations. Status: ok
[1704785200.634][INFO]: Waiting for pending navigations...
[1704785200.635][INFO]: Done waiting for pending navigations. Status: ok
[1704785200.636][INFO]: [48789d730a4546c84313fddafeacf1f1] RESPONSE GetElementText "4"
[1704785200.643][INFO]: [48789d730a4546c84313fddafeacf1f1] COMMAND CloseWindow {
}
[1704785200.959][INFO]: [48789d730a4546c84313fddafeacf1f1] RESPONSE CloseWindow [  ]
